Copyright 1986-2018 Xilinx, Inc. All Rights Reserved.
--------------------------------------------------------------------------------------------
| Tool Version : Vivado v.2018.2 (lin64) Build 2258646 Thu Jun 14 20:02:38 MDT 2018
| Date         : Fri Feb 11 21:46:32 2022
| Host         : kali running 64-bit Kali GNU/Linux Rolling
| Command      : report_control_sets -verbose -file gpio_controller_control_sets_placed.rpt
| Design       : gpio_controller
| Device       : xc7a35ti
--------------------------------------------------------------------------------------------

Control Set Information

Table of Contents
-----------------
1. Summary
2. Histogram
3. Flip-Flop Distribution
4. Detailed Control Set Information

1. Summary
----------

+----------------------------------------------------------+-------+
|                          Status                          | Count |
+----------------------------------------------------------+-------+
| Number of unique control sets                            |     7 |
| Unused register locations in slices containing registers |    18 |
+----------------------------------------------------------+-------+


2. Histogram
------------

+--------+--------------+
| Fanout | Control Sets |
+--------+--------------+
|      4 |            1 |
|      6 |            1 |
|      8 |            1 |
|     12 |            1 |
|     14 |            1 |
|    16+ |            2 |
+--------+--------------+


3. Flip-Flop Distribution
-------------------------

+--------------+-----------------------+------------------------+-----------------+--------------+
| Clock Enable | Synchronous Set/Reset | Asynchronous Set/Reset | Total Registers | Total Slices |
+--------------+-----------------------+------------------------+-----------------+--------------+
| No           | No                    | No                     |              22 |            4 |
| No           | No                    | Yes                    |              18 |            2 |
| No           | Yes                   | No                     |              16 |            3 |
| Yes          | No                    | No                     |              14 |            1 |
| Yes          | No                    | Yes                    |               8 |            2 |
| Yes          | Yes                   | No                     |               0 |            0 |
+--------------+-----------------------+------------------------+-----------------+--------------+


4. Detailed Control Set Information
-----------------------------------

+---------------------------+--------------------+-----------------------------+------------------+----------------+
|        Clock Signal       |    Enable Signal   |       Set/Reset Signal      | Slice Load Count | Bel Load Count |
+---------------------------+--------------------+-----------------------------+------------------+----------------+
|  clk_gen/inst/clk_out1    |                    | gpio_peripheral/p_0_in70_in |                1 |              4 |
|  nextState_reg[2]_i_2_n_0 |                    |                             |                1 |              6 |
|  clk_gen/inst/clk_out1    | clk_cnt[3]_i_1_n_0 | reset_IBUF                  |                2 |              8 |
|  clk_gen/inst/clk_out1    |                    | gpio_peripheral/p_0_in73_in |                2 |             12 |
|  clk_gen/inst/clk_out1    | prstn              |                             |                1 |             14 |
|  clk_gen/inst/clk_out1    |                    |                             |                3 |             16 |
|  clk_gen/inst/clk_out1    |                    | reset_IBUF                  |                2 |             18 |
+---------------------------+--------------------+-----------------------------+------------------+----------------+


